<?xml version="1.0" encoding="UTF-8"?>
<!-- Generated by org.testng.reporters.JUnitReportReporter -->
<testsuite hostname="salwa11" name="testcases.LoginTest" tests="4" failures="0" timestamp="30 Aug 2018 02:06:14 GMT" time="278.432" errors="0">
  <testcase name="tc_001_login_functionality" time="65.392" classname="testcases.LoginTest"/>
  <testcase name="tc_001_login_functionality" time="66.901" classname="testcases.LoginTest"/>
  <testcase name="tc_001_login_functionality" time="73.031" classname="testcases.LoginTest"/>
  <testcase name="tc_001_login_functionality" time="73.108" classname="testcases.LoginTest"/>
</testsuite> <!-- testcases.LoginTest -->
